<?xml version="1.0" encoding="UTF-8"?>
<testsuite xmlns:xsi="http://www.w3.org/2001/XMLSchema-instance" xsi:noNamespaceSchemaLocation="https://maven.apache.org/surefire/maven-surefire-plugin/xsd/surefire-test-report-3.0.xsd" version="3.0" name="sit707_week1.AppTest" time="0.017" tests="1" errors="0" skipped="0" failures="0">
  <properties>
    <property name="sun.desktop" value="gnome"/>
    <property name="awt.toolkit" value="sun.awt.X11.XToolkit"/>
    <property name="file.encoding.pkg" value="sun.io"/>
    <property name="java.specification.version" value="1.8"/>
    <property name="sun.cpu.isalist" value=""/>
    <property name="sun.jnu.encoding" value="UTF-8"/>
    <property name="java.class.path" value="/home/mahabib/sit707_java/task1_2P/target/test-classes:/home/mahabib/sit707_java/task1_2P/target/classes:/home/mahabib/.m2/repository/junit/junit/4.13.2/junit-4.13.2.jar:/home/mahabib/.m2/repository/org/hamcrest/hamcrest-core/1.3/hamcrest-core-1.3.jar:/home/mahabib/.m2/repository/org/seleniumhq/selenium/selenium-java/4.16.1/selenium-java-4.16.1.jar:/home/mahabib/.m2/repository/org/seleniumhq/selenium/selenium-api/4.16.1/selenium-api-4.16.1.jar:/home/mahabib/.m2/repository/org/seleniumhq/selenium/selenium-chrome-driver/4.16.1/selenium-chrome-driver-4.16.1.jar:/home/mahabib/.m2/repository/com/google/auto/service/auto-service-annotations/1.1.1/auto-service-annotations-1.1.1.jar:/home/mahabib/.m2/repository/org/seleniumhq/selenium/selenium-chromium-driver/4.16.1/selenium-chromium-driver-4.16.1.jar:/home/mahabib/.m2/repository/org/seleniumhq/selenium/selenium-json/4.16.1/selenium-json-4.16.1.jar:/home/mahabib/.m2/repository/org/seleniumhq/selenium/selenium-manager/4.16.1/selenium-manager-4.16.1.jar:/home/mahabib/.m2/repository/org/seleniumhq/selenium/selenium-devtools-v118/4.16.1/selenium-devtools-v118-4.16.1.jar:/home/mahabib/.m2/repository/org/seleniumhq/selenium/selenium-devtools-v119/4.16.1/selenium-devtools-v119-4.16.1.jar:/home/mahabib/.m2/repository/org/seleniumhq/selenium/selenium-devtools-v120/4.16.1/selenium-devtools-v120-4.16.1.jar:/home/mahabib/.m2/repository/org/seleniumhq/selenium/selenium-devtools-v85/4.16.1/selenium-devtools-v85-4.16.1.jar:/home/mahabib/.m2/repository/org/seleniumhq/selenium/selenium-edge-driver/4.16.1/selenium-edge-driver-4.16.1.jar:/home/mahabib/.m2/repository/org/seleniumhq/selenium/selenium-firefox-driver/4.16.1/selenium-firefox-driver-4.16.1.jar:/home/mahabib/.m2/repository/org/seleniumhq/selenium/selenium-http/4.16.1/selenium-http-4.16.1.jar:/home/mahabib/.m2/repository/dev/failsafe/failsafe/3.3.2/failsafe-3.3.2.jar:/home/mahabib/.m2/repository/org/seleniumhq/selenium/selenium-ie-driver/4.16.1/selenium-ie-driver-4.16.1.jar:/home/mahabib/.m2/repository/org/seleniumhq/selenium/selenium-remote-driver/4.16.1/selenium-remote-driver-4.16.1.jar:/home/mahabib/.m2/repository/io/opentelemetry/opentelemetry-api/1.28.0/opentelemetry-api-1.28.0.jar:/home/mahabib/.m2/repository/io/opentelemetry/opentelemetry-context/1.28.0/opentelemetry-context-1.28.0.jar:/home/mahabib/.m2/repository/io/opentelemetry/opentelemetry-exporter-logging/1.28.0/opentelemetry-exporter-logging-1.28.0.jar:/home/mahabib/.m2/repository/io/opentelemetry/opentelemetry-sdk-metrics/1.28.0/opentelemetry-sdk-metrics-1.28.0.jar:/home/mahabib/.m2/repository/io/opentelemetry/opentelemetry-extension-incubator/1.28.0-alpha/opentelemetry-extension-incubator-1.28.0-alpha.jar:/home/mahabib/.m2/repository/io/opentelemetry/opentelemetry-sdk-logs/1.28.0/opentelemetry-sdk-logs-1.28.0.jar:/home/mahabib/.m2/repository/io/opentelemetry/opentelemetry-sdk-common/1.28.0/opentelemetry-sdk-common-1.28.0.jar:/home/mahabib/.m2/repository/io/opentelemetry/opentelemetry-sdk-extension-autoconfigure-spi/1.28.0/opentelemetry-sdk-extension-autoconfigure-spi-1.28.0.jar:/home/mahabib/.m2/repository/io/opentelemetry/opentelemetry-sdk-extension-autoconfigure/1.28.0/opentelemetry-sdk-extension-autoconfigure-1.28.0.jar:/home/mahabib/.m2/repository/io/opentelemetry/opentelemetry-api-events/1.28.0-alpha/opentelemetry-api-events-1.28.0-alpha.jar:/home/mahabib/.m2/repository/io/opentelemetry/opentelemetry-sdk-trace/1.28.0/opentelemetry-sdk-trace-1.28.0.jar:/home/mahabib/.m2/repository/io/opentelemetry/opentelemetry-sdk/1.28.0/opentelemetry-sdk-1.28.0.jar:/home/mahabib/.m2/repository/io/opentelemetry/opentelemetry-semconv/1.28.0-alpha/opentelemetry-semconv-1.28.0-alpha.jar:/home/mahabib/.m2/repository/org/seleniumhq/selenium/selenium-os/4.16.1/selenium-os-4.16.1.jar:/home/mahabib/.m2/repository/org/seleniumhq/selenium/selenium-safari-driver/4.16.1/selenium-safari-driver-4.16.1.jar:/home/mahabib/.m2/repository/org/seleniumhq/selenium/selenium-support/4.16.1/selenium-support-4.16.1.jar:/home/mahabib/.m2/repository/org/seleniumhq/selenium/selenium-server/3.141.59/selenium-server-3.141.59.jar:/home/mahabib/.m2/repository/org/seleniumhq/selenium/selenium-opera-driver/3.141.59/selenium-opera-driver-3.141.59.jar:/home/mahabib/.m2/repository/com/beust/jcommander/1.72/jcommander-1.72.jar:/home/mahabib/.m2/repository/net/bytebuddy/byte-buddy/1.8.15/byte-buddy-1.8.15.jar:/home/mahabib/.m2/repository/org/apache/commons/commons-exec/1.3/commons-exec-1.3.jar:/home/mahabib/.m2/repository/com/google/guava/guava/25.0-jre/guava-25.0-jre.jar:/home/mahabib/.m2/repository/com/google/code/findbugs/jsr305/1.3.9/jsr305-1.3.9.jar:/home/mahabib/.m2/repository/org/checkerframework/checker-compat-qual/2.0.0/checker-compat-qual-2.0.0.jar:/home/mahabib/.m2/repository/com/google/errorprone/error_prone_annotations/2.1.3/error_prone_annotations-2.1.3.jar:/home/mahabib/.m2/repository/com/google/j2objc/j2objc-annotations/1.1/j2objc-annotations-1.1.jar:/home/mahabib/.m2/repository/org/codehaus/mojo/animal-sniffer-annotations/1.14/animal-sniffer-annotations-1.14.jar:/home/mahabib/.m2/repository/net/jcip/jcip-annotations/1.0/jcip-annotations-1.0.jar:/home/mahabib/.m2/repository/org/seleniumhq/selenium/jetty-repacked/9.4.12.v20180830/jetty-repacked-9.4.12.v20180830.jar:/home/mahabib/.m2/repository/com/squareup/okhttp3/okhttp/3.11.0/okhttp-3.11.0.jar:/home/mahabib/.m2/repository/com/squareup/okio/okio/1.14.0/okio-1.14.0.jar:/home/mahabib/.m2/repository/javax/servlet/javax.servlet-api/3.1.0/javax.servlet-api-3.1.0.jar:/home/mahabib/.m2/repository/org/yaml/snakeyaml/1.19/snakeyaml-1.19.jar:"/>
    <property name="java.vm.vendor" value="Oracle Corporation"/>
    <property name="sun.arch.data.model" value="64"/>
    <property name="java.vendor.url" value="http://java.oracle.com/"/>
    <property name="user.timezone" value=""/>
    <property name="java.vm.specification.version" value="1.8"/>
    <property name="os.name" value="Linux"/>
    <property name="user.country" value="AU"/>
    <property name="sun.java.launcher" value="SUN_STANDARD"/>
    <property name="sun.boot.library.path" value="/usr/lib/jvm/jdk1.8.0_202/jre/lib/amd64"/>
    <property name="sun.java.command" value="/home/mahabib/sit707_java/task1_2P/target/surefire/surefirebooter-20240123191423756_3.jar /home/mahabib/sit707_java/task1_2P/target/surefire 2024-01-23T19-14-23_153-jvmRun1 surefire-20240123191423756_1tmp surefire_0-20240123191423756_2tmp"/>
    <property name="surefire.test.class.path" value="/home/mahabib/sit707_java/task1_2P/target/test-classes:/home/mahabib/sit707_java/task1_2P/target/classes:/home/mahabib/.m2/repository/junit/junit/4.13.2/junit-4.13.2.jar:/home/mahabib/.m2/repository/org/hamcrest/hamcrest-core/1.3/hamcrest-core-1.3.jar:/home/mahabib/.m2/repository/org/seleniumhq/selenium/selenium-java/4.16.1/selenium-java-4.16.1.jar:/home/mahabib/.m2/repository/org/seleniumhq/selenium/selenium-api/4.16.1/selenium-api-4.16.1.jar:/home/mahabib/.m2/repository/org/seleniumhq/selenium/selenium-chrome-driver/4.16.1/selenium-chrome-driver-4.16.1.jar:/home/mahabib/.m2/repository/com/google/auto/service/auto-service-annotations/1.1.1/auto-service-annotations-1.1.1.jar:/home/mahabib/.m2/repository/org/seleniumhq/selenium/selenium-chromium-driver/4.16.1/selenium-chromium-driver-4.16.1.jar:/home/mahabib/.m2/repository/org/seleniumhq/selenium/selenium-json/4.16.1/selenium-json-4.16.1.jar:/home/mahabib/.m2/repository/org/seleniumhq/selenium/selenium-manager/4.16.1/selenium-manager-4.16.1.jar:/home/mahabib/.m2/repository/org/seleniumhq/selenium/selenium-devtools-v118/4.16.1/selenium-devtools-v118-4.16.1.jar:/home/mahabib/.m2/repository/org/seleniumhq/selenium/selenium-devtools-v119/4.16.1/selenium-devtools-v119-4.16.1.jar:/home/mahabib/.m2/repository/org/seleniumhq/selenium/selenium-devtools-v120/4.16.1/selenium-devtools-v120-4.16.1.jar:/home/mahabib/.m2/repository/org/seleniumhq/selenium/selenium-devtools-v85/4.16.1/selenium-devtools-v85-4.16.1.jar:/home/mahabib/.m2/repository/org/seleniumhq/selenium/selenium-edge-driver/4.16.1/selenium-edge-driver-4.16.1.jar:/home/mahabib/.m2/repository/org/seleniumhq/selenium/selenium-firefox-driver/4.16.1/selenium-firefox-driver-4.16.1.jar:/home/mahabib/.m2/repository/org/seleniumhq/selenium/selenium-http/4.16.1/selenium-http-4.16.1.jar:/home/mahabib/.m2/repository/dev/failsafe/failsafe/3.3.2/failsafe-3.3.2.jar:/home/mahabib/.m2/repository/org/seleniumhq/selenium/selenium-ie-driver/4.16.1/selenium-ie-driver-4.16.1.jar:/home/mahabib/.m2/repository/org/seleniumhq/selenium/selenium-remote-driver/4.16.1/selenium-remote-driver-4.16.1.jar:/home/mahabib/.m2/repository/io/opentelemetry/opentelemetry-api/1.28.0/opentelemetry-api-1.28.0.jar:/home/mahabib/.m2/repository/io/opentelemetry/opentelemetry-context/1.28.0/opentelemetry-context-1.28.0.jar:/home/mahabib/.m2/repository/io/opentelemetry/opentelemetry-exporter-logging/1.28.0/opentelemetry-exporter-logging-1.28.0.jar:/home/mahabib/.m2/repository/io/opentelemetry/opentelemetry-sdk-metrics/1.28.0/opentelemetry-sdk-metrics-1.28.0.jar:/home/mahabib/.m2/repository/io/opentelemetry/opentelemetry-extension-incubator/1.28.0-alpha/opentelemetry-extension-incubator-1.28.0-alpha.jar:/home/mahabib/.m2/repository/io/opentelemetry/opentelemetry-sdk-logs/1.28.0/opentelemetry-sdk-logs-1.28.0.jar:/home/mahabib/.m2/repository/io/opentelemetry/opentelemetry-sdk-common/1.28.0/opentelemetry-sdk-common-1.28.0.jar:/home/mahabib/.m2/repository/io/opentelemetry/opentelemetry-sdk-extension-autoconfigure-spi/1.28.0/opentelemetry-sdk-extension-autoconfigure-spi-1.28.0.jar:/home/mahabib/.m2/repository/io/opentelemetry/opentelemetry-sdk-extension-autoconfigure/1.28.0/opentelemetry-sdk-extension-autoconfigure-1.28.0.jar:/home/mahabib/.m2/repository/io/opentelemetry/opentelemetry-api-events/1.28.0-alpha/opentelemetry-api-events-1.28.0-alpha.jar:/home/mahabib/.m2/repository/io/opentelemetry/opentelemetry-sdk-trace/1.28.0/opentelemetry-sdk-trace-1.28.0.jar:/home/mahabib/.m2/repository/io/opentelemetry/opentelemetry-sdk/1.28.0/opentelemetry-sdk-1.28.0.jar:/home/mahabib/.m2/repository/io/opentelemetry/opentelemetry-semconv/1.28.0-alpha/opentelemetry-semconv-1.28.0-alpha.jar:/home/mahabib/.m2/repository/org/seleniumhq/selenium/selenium-os/4.16.1/selenium-os-4.16.1.jar:/home/mahabib/.m2/repository/org/seleniumhq/selenium/selenium-safari-driver/4.16.1/selenium-safari-driver-4.16.1.jar:/home/mahabib/.m2/repository/org/seleniumhq/selenium/selenium-support/4.16.1/selenium-support-4.16.1.jar:/home/mahabib/.m2/repository/org/seleniumhq/selenium/selenium-server/3.141.59/selenium-server-3.141.59.jar:/home/mahabib/.m2/repository/org/seleniumhq/selenium/selenium-opera-driver/3.141.59/selenium-opera-driver-3.141.59.jar:/home/mahabib/.m2/repository/com/beust/jcommander/1.72/jcommander-1.72.jar:/home/mahabib/.m2/repository/net/bytebuddy/byte-buddy/1.8.15/byte-buddy-1.8.15.jar:/home/mahabib/.m2/repository/org/apache/commons/commons-exec/1.3/commons-exec-1.3.jar:/home/mahabib/.m2/repository/com/google/guava/guava/25.0-jre/guava-25.0-jre.jar:/home/mahabib/.m2/repository/com/google/code/findbugs/jsr305/1.3.9/jsr305-1.3.9.jar:/home/mahabib/.m2/repository/org/checkerframework/checker-compat-qual/2.0.0/checker-compat-qual-2.0.0.jar:/home/mahabib/.m2/repository/com/google/errorprone/error_prone_annotations/2.1.3/error_prone_annotations-2.1.3.jar:/home/mahabib/.m2/repository/com/google/j2objc/j2objc-annotations/1.1/j2objc-annotations-1.1.jar:/home/mahabib/.m2/repository/org/codehaus/mojo/animal-sniffer-annotations/1.14/animal-sniffer-annotations-1.14.jar:/home/mahabib/.m2/repository/net/jcip/jcip-annotations/1.0/jcip-annotations-1.0.jar:/home/mahabib/.m2/repository/org/seleniumhq/selenium/jetty-repacked/9.4.12.v20180830/jetty-repacked-9.4.12.v20180830.jar:/home/mahabib/.m2/repository/com/squareup/okhttp3/okhttp/3.11.0/okhttp-3.11.0.jar:/home/mahabib/.m2/repository/com/squareup/okio/okio/1.14.0/okio-1.14.0.jar:/home/mahabib/.m2/repository/javax/servlet/javax.servlet-api/3.1.0/javax.servlet-api-3.1.0.jar:/home/mahabib/.m2/repository/org/yaml/snakeyaml/1.19/snakeyaml-1.19.jar:"/>
    <property name="sun.cpu.endian" value="little"/>
    <property name="user.home" value="/home/mahabib"/>
    <property name="user.language" value="en"/>
    <property name="java.specification.vendor" value="Oracle Corporation"/>
    <property name="java.home" value="/usr/lib/jvm/jdk1.8.0_202/jre"/>
    <property name="basedir" value="/home/mahabib/sit707_java/task1_2P"/>
    <property name="file.separator" value="/"/>
    <property name="line.separator" value="&#10;"/>
    <property name="java.vm.specification.vendor" value="Oracle Corporation"/>
    <property name="java.specification.name" value="Java Platform API Specification"/>
    <property name="java.awt.graphicsenv" value="sun.awt.X11GraphicsEnvironment"/>
    <property name="surefire.real.class.path" value="/home/mahabib/sit707_java/task1_2P/target/surefire/surefirebooter-20240123191423756_3.jar"/>
    <property name="sun.boot.class.path" value="/usr/lib/jvm/jdk1.8.0_202/jre/lib/resources.jar:/usr/lib/jvm/jdk1.8.0_202/jre/lib/rt.jar:/usr/lib/jvm/jdk1.8.0_202/jre/lib/sunrsasign.jar:/usr/lib/jvm/jdk1.8.0_202/jre/lib/jsse.jar:/usr/lib/jvm/jdk1.8.0_202/jre/lib/jce.jar:/usr/lib/jvm/jdk1.8.0_202/jre/lib/charsets.jar:/usr/lib/jvm/jdk1.8.0_202/jre/lib/jfr.jar:/usr/lib/jvm/jdk1.8.0_202/jre/classes"/>
    <property name="sun.management.compiler" value="HotSpot 64-Bit Tiered Compilers"/>
    <property name="java.runtime.version" value="1.8.0_202-b08"/>
    <property name="user.name" value="mahabib"/>
    <property name="path.separator" value=":"/>
    <property name="os.version" value="6.5.0-14-generic"/>
    <property name="java.endorsed.dirs" value="/usr/lib/jvm/jdk1.8.0_202/jre/lib/endorsed"/>
    <property name="java.runtime.name" value="Java(TM) SE Runtime Environment"/>
    <property name="file.encoding" value="UTF-8"/>
    <property name="java.vm.name" value="Java HotSpot(TM) 64-Bit Server VM"/>
    <property name="localRepository" value="/home/mahabib/.m2/repository"/>
    <property name="java.vendor.url.bug" value="http://bugreport.sun.com/bugreport/"/>
    <property name="java.io.tmpdir" value="/tmp"/>
    <property name="java.version" value="1.8.0_202"/>
    <property name="user.dir" value="/home/mahabib/sit707_java/task1_2P"/>
    <property name="os.arch" value="amd64"/>
    <property name="java.vm.specification.name" value="Java Virtual Machine Specification"/>
    <property name="java.awt.printerjob" value="sun.print.PSPrinterJob"/>
    <property name="sun.os.patch.level" value="unknown"/>
    <property name="java.library.path" value="/usr/java/packages/lib/amd64:/usr/lib64:/lib64:/lib:/usr/lib"/>
    <property name="java.vm.info" value="mixed mode"/>
    <property name="java.vendor" value="Oracle Corporation"/>
    <property name="java.vm.version" value="25.202-b08"/>
    <property name="java.ext.dirs" value="/usr/lib/jvm/jdk1.8.0_202/jre/lib/ext:/usr/java/packages/lib/ext"/>
    <property name="sun.io.unicode.encoding" value="UnicodeLittle"/>
    <property name="java.class.version" value="52.0"/>
  </properties>
  <testcase name="testApp" classname="sit707_week1.AppTest" time="0.0"/>
</testsuite>